2023-07-06 14:23:58> WARNINGS;
-
2023-07-06 14:24:00> WARNINGS;
               DTC > U0DE8;
               DTC > P04A1;
-
2023-07-06 14:24:02> Freeze frame;
               DTC > U1635;
-
2023-07-06 14:24:03> ERRORS;
               DTC > B02AB;
               DTC > B1440;
               DTC > P1739;
-
2023-07-06 14:24:05> WARNINGS;
               DTC > P04C8;
-
2023-07-06 14:24:07> Freeze frame;
               DTC > C0529;
-
2023-07-06 14:24:08> ERRORS;
               DTC > U14E8;
               DTC > P09A8;
-
